
*** Running vivado
    with args  -m64 -nolog -nojournal -notrace -mode batch -product Vivado -source top_demo_reports.tcl -tclargs route_design



****** Vivado v2023.1.1 (64-bit)
  **** SW Build 3900603 on Fri Jun 16 19:31:24 MDT 2023
  **** IP Build 3900379 on Sat Jun 17 05:28:05 MDT 2023
  **** SharedData Build 3899622 on Fri Jun 16 03:34:24 MDT 2023
    ** Copyright 1986-2022 Xilinx, Inc. All Rights Reserved.
    ** Copyright 2022-2023 Advanced Micro Devices, Inc. All Rights Reserved.

source top_demo_reports.tcl -notrace
Command: open_checkpoint top_demo_routed.dcp

Starting open_checkpoint Task

Time (s): cpu = 00:00:00 ; elapsed = 00:00:00.048 . Memory (MB): peak = 1351.801 ; gain = 6.789
INFO: [Device 21-403] Loading part xc7z020clg484-1
Netlist sorting complete. Time (s): cpu = 00:00:00 ; elapsed = 00:00:00.001 . Memory (MB): peak = 1943.516 ; gain = 0.000
INFO: [Netlist 29-17] Analyzing 7 Unisim elements for replacement
INFO: [Netlist 29-28] Unisim Transformation completed in 0 CPU seconds
INFO: [Project 1-479] Netlist was created with Vivado 2023.1.1
INFO: [Project 1-570] Preparing netlist for logic optimization
INFO: [Timing 38-478] Restoring timing data from binary archive.
INFO: [Timing 38-479] Binary timing data restore complete.
INFO: [Project 1-856] Restoring constraints from binary archive.
INFO: [Project 1-853] Binary constraint restore complete.
Reading XDEF placement.
Reading placer database...
Reading XDEF routing.
Read XDEF Files: Time (s): cpu = 00:00:00 ; elapsed = 00:00:00.104 . Memory (MB): peak = 2619.828 ; gain = 14.512
Restored from archive | CPU: 0.000000 secs | Memory: 0.000000 MB |
Finished XDEF File Restore: Time (s): cpu = 00:00:00 ; elapsed = 00:00:00.105 . Memory (MB): peak = 2619.828 ; gain = 14.512
Netlist sorting complete. Time (s): cpu = 00:00:00 ; elapsed = 00:00:00.001 . Memory (MB): peak = 2619.828 ; gain = 0.000
INFO: [Project 1-111] Unisim Transformation Summary:
No Unisim elements were transformed.

INFO: [Project 1-604] Checkpoint was created with Vivado v2023.1.1 (64-bit) build 3900603
WARNING: [Vivado 12-23575] Critical violations of the methodology design rules detected. Critical violations may contribute to timing failures or cause functional issues in hardware. Run report_methodology for more information.
open_checkpoint: Time (s): cpu = 00:00:15 ; elapsed = 00:00:31 . Memory (MB): peak = 2619.828 ; gain = 1274.965
INFO: [runtcl-4] Executing : report_power -file top_demo_power_routed_1.rpt -pb top_demo_power_summary_routed_1.pb -rpx top_demo_power_routed_1.rpx
Command: report_power -file top_demo_power_routed_1.rpt -pb top_demo_power_summary_routed_1.pb -rpx top_demo_power_routed_1.rpx
WARNING: [Power 33-232] No user defined clocks were found in the design! Power estimation will be inaccurate until this is corrected.
Resolution: Please specify clocks using create_clock/create_generated_clock for sequential elements. For pure combinatorial circuits, please specify a virtual clock, otherwise the vectorless estimation might be inaccurate
Running Vector-less Activity Propagation...

Finished Running Vector-less Activity Propagation
12 Infos, 2 Warnings, 0 Critical Warnings and 0 Errors encountered.
report_power completed successfully
INFO: [Common 17-206] Exiting Vivado at Fri Mar 29 12:14:41 2024...

*** Running vivado
    with args  -m64 -nolog -nojournal -notrace -mode batch -product Vivado -source top_demo_reports.tcl -tclargs route_design



****** Vivado v2023.1.1 (64-bit)
  **** SW Build 3900603 on Fri Jun 16 19:31:24 MDT 2023
  **** IP Build 3900379 on Sat Jun 17 05:28:05 MDT 2023
  **** SharedData Build 3899622 on Fri Jun 16 03:34:24 MDT 2023
    ** Copyright 1986-2022 Xilinx, Inc. All Rights Reserved.
    ** Copyright 2022-2023 Advanced Micro Devices, Inc. All Rights Reserved.

source top_demo_reports.tcl -notrace
Command: open_checkpoint top_demo_routed.dcp

Starting open_checkpoint Task

Time (s): cpu = 00:00:00 ; elapsed = 00:00:00.044 . Memory (MB): peak = 1353.242 ; gain = 7.750
INFO: [Device 21-403] Loading part xc7z020clg484-1
Netlist sorting complete. Time (s): cpu = 00:00:00 ; elapsed = 00:00:00.001 . Memory (MB): peak = 1942.641 ; gain = 0.000
INFO: [Netlist 29-17] Analyzing 7 Unisim elements for replacement
INFO: [Netlist 29-28] Unisim Transformation completed in 0 CPU seconds
INFO: [Project 1-479] Netlist was created with Vivado 2023.1.1
INFO: [Project 1-570] Preparing netlist for logic optimization
INFO: [Timing 38-478] Restoring timing data from binary archive.
INFO: [Timing 38-479] Binary timing data restore complete.
INFO: [Project 1-856] Restoring constraints from binary archive.
INFO: [Project 1-853] Binary constraint restore complete.
Reading XDEF placement.
Reading placer database...
Reading XDEF routing.
Read XDEF Files: Time (s): cpu = 00:00:00 ; elapsed = 00:00:00.096 . Memory (MB): peak = 2619.590 ; gain = 14.492
Restored from archive | CPU: 0.000000 secs | Memory: 0.000000 MB |
Finished XDEF File Restore: Time (s): cpu = 00:00:00 ; elapsed = 00:00:00.098 . Memory (MB): peak = 2619.590 ; gain = 14.492
Netlist sorting complete. Time (s): cpu = 00:00:00 ; elapsed = 00:00:00 . Memory (MB): peak = 2619.590 ; gain = 0.000
INFO: [Project 1-111] Unisim Transformation Summary:
No Unisim elements were transformed.

INFO: [Project 1-604] Checkpoint was created with Vivado v2023.1.1 (64-bit) build 3900603
WARNING: [Vivado 12-23575] Critical violations of the methodology design rules detected. Critical violations may contribute to timing failures or cause functional issues in hardware. Run report_methodology for more information.
open_checkpoint: Time (s): cpu = 00:00:15 ; elapsed = 00:00:24 . Memory (MB): peak = 2619.590 ; gain = 1275.277
INFO: [runtcl-4] Executing : report_timing -file route_report_timing_0.rpt -rpx route_report_timing_0.rpx
INFO: [Timing 38-91] UpdateTimingParams: Speed grade: -1, Delay Type: max.
INFO: [Timing 38-191] Multithreading enabled for timing update using a maximum of 2 CPUs
INFO: [Timing 38-78] ReportTimingParams: -max_paths 1 -nworst 1 -delay_type max -sort_by slack.
INFO: [Common 17-206] Exiting Vivado at Fri Mar 29 12:15:41 2024...

*** Running vivado
    with args  -m64 -nolog -nojournal -notrace -mode batch -product Vivado -source top_demo_reports.tcl -tclargs route_design



****** Vivado v2023.1.1 (64-bit)
  **** SW Build 3900603 on Fri Jun 16 19:31:24 MDT 2023
  **** IP Build 3900379 on Sat Jun 17 05:28:05 MDT 2023
  **** SharedData Build 3899622 on Fri Jun 16 03:34:24 MDT 2023
    ** Copyright 1986-2022 Xilinx, Inc. All Rights Reserved.
    ** Copyright 2022-2023 Advanced Micro Devices, Inc. All Rights Reserved.

source top_demo_reports.tcl -notrace
Command: open_checkpoint top_demo_routed.dcp

Starting open_checkpoint Task

Time (s): cpu = 00:00:00 ; elapsed = 00:00:00.046 . Memory (MB): peak = 1353.723 ; gain = 7.566
INFO: [Device 21-403] Loading part xc7z020clg484-1
Netlist sorting complete. Time (s): cpu = 00:00:00 ; elapsed = 00:00:00.001 . Memory (MB): peak = 1941.082 ; gain = 0.000
INFO: [Netlist 29-17] Analyzing 7 Unisim elements for replacement
INFO: [Netlist 29-28] Unisim Transformation completed in 0 CPU seconds
INFO: [Project 1-479] Netlist was created with Vivado 2023.1.1
INFO: [Project 1-570] Preparing netlist for logic optimization
INFO: [Timing 38-478] Restoring timing data from binary archive.
INFO: [Timing 38-479] Binary timing data restore complete.
INFO: [Project 1-856] Restoring constraints from binary archive.
INFO: [Project 1-853] Binary constraint restore complete.
Reading XDEF placement.
Reading placer database...
Reading XDEF routing.
Read XDEF Files: Time (s): cpu = 00:00:00 ; elapsed = 00:00:00.086 . Memory (MB): peak = 2619.543 ; gain = 14.555
Restored from archive | CPU: 0.000000 secs | Memory: 0.000000 MB |
Finished XDEF File Restore: Time (s): cpu = 00:00:00 ; elapsed = 00:00:00.086 . Memory (MB): peak = 2619.543 ; gain = 14.555
Netlist sorting complete. Time (s): cpu = 00:00:00 ; elapsed = 00:00:00 . Memory (MB): peak = 2619.543 ; gain = 0.000
INFO: [Project 1-111] Unisim Transformation Summary:
No Unisim elements were transformed.

INFO: [Project 1-604] Checkpoint was created with Vivado v2023.1.1 (64-bit) build 3900603
WARNING: [Vivado 12-23575] Critical violations of the methodology design rules detected. Critical violations may contribute to timing failures or cause functional issues in hardware. Run report_methodology for more information.
open_checkpoint: Time (s): cpu = 00:00:14 ; elapsed = 00:00:23 . Memory (MB): peak = 2619.543 ; gain = 1273.586
INFO: [runtcl-4] Executing : report_utilization -file route_report_utilization_0.rpt -pb route_report_utilization_0.pb
INFO: [Common 17-206] Exiting Vivado at Fri Mar 29 12:16:23 2024...
